<?xml version="1.0" encoding="UTF-8"?>
<!-- Generated by org.testng.reporters.JUnitReportReporter -->
<testsuite hostname="PUNITP367292L" failures="0" tests="1" name="MavenTesting.ActionTest" time="15.745" errors="0" timestamp="27 Jun 2023 16:53:05 GMT" skipped="0">
  <testcase classname="MavenTesting.ActionTest" name="actionMethod" time="15.745"/>
</testsuite> <!-- MavenTesting.ActionTest -->
