<?xml version="1.0" encoding="UTF-8"?>
<!-- Generated by org.testng.reporters.JUnitReportReporter -->
<testsuite hostname="PUNITP367292L" failures="0" tests="1" name="MavenDemo.MavenTesting.ActionTest" time="20.826" errors="0" timestamp="2023-06-25T15:18:51 IST" skipped="0">
  <testcase classname="MavenDemo.MavenTesting.ActionTest" name="actionMethod" time="20.826"/>
  <system-out/>
</testsuite> <!-- MavenDemo.MavenTesting.ActionTest -->
