<?xml version="1.0" encoding="UTF-8"?>
<!-- Generated by org.testng.reporters.JUnitReportReporter -->
<testsuite hostname="PUNITP367292L" failures="0" tests="1" name="MavenTesting.ActionTest" time="39.889" errors="0" timestamp="29 Jun 2023 14:40:45 GMT" skipped="0">
  <testcase classname="MavenTesting.ActionTest" name="actionMethod" time="39.889"/>
</testsuite> <!-- MavenTesting.ActionTest -->
