<?xml version="1.0" encoding="UTF-8"?>
<!-- Generated by org.testng.reporters.JUnitReportReporter -->
<testsuite hostname="PUNITP367292L" failures="0" tests="1" name="MavenTesting.Action2Test" time="19.937" errors="0" timestamp="29 Jun 2023 14:40:45 GMT" skipped="0">
  <testcase classname="MavenTesting.Action2Test" name="actionMethod" time="19.937"/>
</testsuite> <!-- MavenTesting.Action2Test -->
